[2026-04-01 21:31:06,349]: INFO: main: Welcome to our wine quality mlops pipeline
[2026-04-01 21:31:06,349]: INFO: main: >>>>>> stage Data Ingestion Stage started <<<<<<
[2026-04-01 21:31:06,349]: INFO: common: yaml file: config\config.yaml loaded successfully
[2026-04-01 21:31:06,349]: INFO: common: yaml file: params.yaml loaded successfully
[2026-04-01 21:31:06,349]: INFO: common: yaml file: schema.yaml loaded successfully
[2026-04-01 21:31:06,349]: INFO: common: Created directory at: artifacts
[2026-04-01 21:31:06,349]: INFO: common: Created directory at: artifacts/data_ingestion
[2026-04-01 21:31:07,621]: INFO: data_ingestion: artifacts/data_ingestion/data.zip downloaded with following info: 
Connection: close
Content-Length: 23329
Cache-Control: max-age=300
Content-Security-Policy: default-src 'none'; style-src 'unsafe-inline'; sandbox
Content-Type: application/zip
ETag: "c69888a4ae59bc5a893392785a938ccd4937981c06ba8a9d6a21aa52b4ab5b6e"
Strict-Transport-Security: max-age=31536000
X-Content-Type-Options: nosniff
X-Frame-Options: deny
X-XSS-Protection: 1; mode=block
X-GitHub-Request-Id: BFB4:3F552:1191F2:19FC2B:69CD808A
Accept-Ranges: bytes
Date: Wed, 01 Apr 2026 20:31:08 GMT
Via: 1.1 varnish
X-Served-By: cache-lhr-egll1980073-LHR
X-Cache: MISS
X-Cache-Hits: 0
X-Timer: S1775075468.615810,VS0,VE475
Vary: Authorization,Accept-Encoding
Access-Control-Allow-Origin: *
Cross-Origin-Resource-Policy: cross-origin
X-Fastly-Request-ID: 60973e722e39f94c2b02843fc83e2ca59ed31f13
Expires: Wed, 01 Apr 2026 20:36:08 GMT
Source-Age: 0


[2026-04-01 21:31:07,645]: INFO: main: >>>>>> stage Data Ingestion Stage completed <<<<<<

x==========x
[2026-04-08 21:41:15,199]: INFO: common: yaml file: config\config.yaml loaded successfully
[2026-04-08 21:41:15,295]: INFO: common: yaml file: params.yaml loaded successfully
[2026-04-08 21:41:15,317]: INFO: common: yaml file: schema.yaml loaded successfully
[2026-04-08 21:41:15,321]: INFO: common: Created directory at: artifacts
[2026-04-08 21:41:15,324]: INFO: common: Created directory at: artifacts/data_validation
[2026-04-08 21:43:22,461]: INFO: common: yaml file: config\config.yaml loaded successfully
[2026-04-08 21:43:22,467]: INFO: common: yaml file: params.yaml loaded successfully
[2026-04-08 21:43:22,472]: INFO: common: yaml file: schema.yaml loaded successfully
[2026-04-08 21:43:22,476]: INFO: common: Created directory at: artifacts
[2026-04-08 21:43:22,480]: INFO: common: Created directory at: artifacts/data_validation
[2026-04-08 21:46:21,594]: INFO: common: yaml file: config\config.yaml loaded successfully
[2026-04-08 21:46:21,602]: INFO: common: yaml file: params.yaml loaded successfully
[2026-04-08 21:46:21,608]: INFO: common: yaml file: schema.yaml loaded successfully
[2026-04-08 21:46:21,611]: INFO: common: Created directory at: artifacts
[2026-04-08 21:46:21,611]: INFO: common: Created directory at: artifacts/data_validation
[2026-04-08 21:50:22,848]: INFO: common: yaml file: config\config.yaml loaded successfully
[2026-04-08 21:50:22,856]: INFO: common: yaml file: params.yaml loaded successfully
[2026-04-08 21:50:22,861]: INFO: common: yaml file: schema.yaml loaded successfully
[2026-04-08 21:50:22,867]: INFO: common: Created directory at: artifacts
[2026-04-08 21:50:22,868]: INFO: common: Created directory at: artifacts/data_validation
[2026-04-08 21:50:33,473]: INFO: common: yaml file: config\config.yaml loaded successfully
[2026-04-08 21:50:33,478]: INFO: common: yaml file: params.yaml loaded successfully
[2026-04-08 21:50:33,489]: INFO: common: yaml file: schema.yaml loaded successfully
[2026-04-08 21:50:33,493]: INFO: common: Created directory at: artifacts
[2026-04-08 21:50:33,497]: INFO: common: Created directory at: artifacts/data_validation
[2026-04-08 21:50:47,101]: INFO: common: yaml file: config\config.yaml loaded successfully
[2026-04-08 21:50:47,105]: INFO: common: yaml file: params.yaml loaded successfully
[2026-04-08 21:50:47,109]: INFO: common: yaml file: schema.yaml loaded successfully
[2026-04-08 21:50:47,109]: INFO: common: Created directory at: artifacts
[2026-04-08 21:50:47,115]: INFO: common: Created directory at: artifacts/data_validation
[2026-04-08 21:52:04,930]: INFO: common: yaml file: config\config.yaml loaded successfully
[2026-04-08 21:52:04,934]: INFO: common: yaml file: params.yaml loaded successfully
[2026-04-08 21:52:04,939]: INFO: common: yaml file: schema.yaml loaded successfully
[2026-04-08 21:52:04,941]: INFO: common: Created directory at: artifacts
[2026-04-08 21:52:04,941]: INFO: common: Created directory at: artifacts/data_validation
[2026-04-08 21:54:29,852]: INFO: common: yaml file: config\config.yaml loaded successfully
[2026-04-08 21:54:29,861]: INFO: common: yaml file: params.yaml loaded successfully
[2026-04-08 21:54:29,872]: INFO: common: yaml file: schema.yaml loaded successfully
[2026-04-08 21:54:29,873]: INFO: common: Created directory at: artifacts
[2026-04-08 21:54:29,875]: INFO: common: Created directory at: artifacts/data_validation
[2026-04-08 22:07:23,477]: INFO: main: Welcome to our wine quality mlops pipeline
[2026-04-08 22:07:23,477]: INFO: main: >>>>>> stage Data Ingestion Stage started <<<<<<
[2026-04-08 22:07:23,477]: INFO: common: yaml file: config\config.yaml loaded successfully
[2026-04-08 22:07:23,477]: INFO: common: yaml file: params.yaml loaded successfully
[2026-04-08 22:07:23,487]: INFO: common: yaml file: schema.yaml loaded successfully
[2026-04-08 22:07:23,488]: INFO: common: Created directory at: artifacts
[2026-04-08 22:07:23,488]: INFO: common: Created directory at: artifacts/data_ingestion
[2026-04-08 22:07:23,488]: INFO: data_ingestion: File already exists of size: 23329 bytes
[2026-04-08 22:07:23,522]: INFO: main: >>>>>> stage Data Ingestion Stage completed <<<<<<

x==========x
[2026-04-08 22:07:23,522]: INFO: main: >>>>>> stage Data Validation Stage started <<<<<<
[2026-04-08 22:07:23,522]: INFO: common: yaml file: config\config.yaml loaded successfully
[2026-04-08 22:07:23,528]: INFO: common: yaml file: params.yaml loaded successfully
[2026-04-08 22:07:23,528]: INFO: common: yaml file: schema.yaml loaded successfully
[2026-04-08 22:07:23,528]: INFO: common: Created directory at: artifacts
[2026-04-08 22:07:23,528]: INFO: common: Created directory at: artifacts/data_validation
[2026-04-08 22:07:23,589]: INFO: main: >>>>>> stage Data Validation Stage completed <<<<<<

x==========x
[2026-04-09 22:25:25,782]: INFO: common: yaml file: config\config.yaml loaded successfully
[2026-04-09 22:25:25,794]: INFO: common: yaml file: params.yaml loaded successfully
[2026-04-09 22:25:25,796]: INFO: common: yaml file: schema.yaml loaded successfully
[2026-04-09 22:25:25,798]: INFO: common: Created directory at: artifacts
[2026-04-09 22:25:25,799]: INFO: common: Created directory at: artifacts/data_transformation
[2026-04-09 22:25:25,917]: INFO: 1947449372: Splitted data into training and test sets
[2026-04-09 22:25:25,919]: INFO: 1947449372: (1199, 12)
[2026-04-09 22:25:25,920]: INFO: 1947449372: (400, 12)
[2026-04-09 22:41:30,299]: INFO: main: Welcome to our wine quality mlops pipeline
[2026-04-09 22:41:30,299]: INFO: main: >>>>>> stage Data Ingestion Stage started <<<<<<
[2026-04-09 22:41:30,302]: INFO: common: yaml file: config\config.yaml loaded successfully
[2026-04-09 22:41:30,302]: INFO: common: yaml file: params.yaml loaded successfully
[2026-04-09 22:41:30,304]: INFO: common: yaml file: schema.yaml loaded successfully
[2026-04-09 22:41:30,304]: INFO: common: Created directory at: artifacts
[2026-04-09 22:41:30,304]: INFO: common: Created directory at: artifacts/data_ingestion
[2026-04-09 22:41:30,305]: INFO: data_ingestion: File already exists of size: 23329 bytes
[2026-04-09 22:41:30,349]: INFO: main: >>>>>> stage Data Ingestion Stage completed <<<<<<

x==========x
[2026-04-09 22:41:30,349]: INFO: main: >>>>>> stage Data Validation Stage started <<<<<<
[2026-04-09 22:41:30,351]: INFO: common: yaml file: config\config.yaml loaded successfully
[2026-04-09 22:41:30,351]: INFO: common: yaml file: params.yaml loaded successfully
[2026-04-09 22:41:30,353]: INFO: common: yaml file: schema.yaml loaded successfully
[2026-04-09 22:41:30,354]: INFO: common: Created directory at: artifacts
[2026-04-09 22:41:30,354]: INFO: common: Created directory at: artifacts/data_validation
[2026-04-09 22:41:30,369]: INFO: main: >>>>>> stage Data Validation Stage completed <<<<<<

x==========x
[2026-04-09 22:41:30,369]: INFO: main: >>>>>> stage Data Transformation Stage started <<<<<<
[2026-04-09 22:41:30,369]: ERROR: data_transformation_pipeline: [Errno 2] No such file or directory: 'artifacts/data_validation/STATUS_FILE.txt'
Traceback (most recent call last):
  File "D:\Programs\Projects\MLOps\ML_pipeline\winequal-ml-pipeline\winequal-mlops-pipeline\src\winequal_mlops_pipeline\pipeline\data_transformation_pipeline.py", line 14, in initiate_data_transformation
    with open("artifacts/data_validation/STATUS_FILE.txt", "r") as f:
         ^^^^^^^^^^^^^^^^^^^^^^^^^^^^^^^^^^^^^^^^^^^^^^^^^^^^^^
FileNotFoundError: [Errno 2] No such file or directory: 'artifacts/data_validation/STATUS_FILE.txt'
[2026-04-09 22:41:30,371]: ERROR: main: [Errno 2] No such file or directory: 'artifacts/data_validation/STATUS_FILE.txt'
Traceback (most recent call last):
  File "D:\Programs\Projects\MLOps\ML_pipeline\winequal-ml-pipeline\winequal-mlops-pipeline\main.py", line 35, in <module>
    data_transformation.initiate_data_transformation()
  File "D:\Programs\Projects\MLOps\ML_pipeline\winequal-ml-pipeline\winequal-mlops-pipeline\src\winequal_mlops_pipeline\pipeline\data_transformation_pipeline.py", line 26, in initiate_data_transformation
    raise e
  File "D:\Programs\Projects\MLOps\ML_pipeline\winequal-ml-pipeline\winequal-mlops-pipeline\src\winequal_mlops_pipeline\pipeline\data_transformation_pipeline.py", line 14, in initiate_data_transformation
    with open("artifacts/data_validation/STATUS_FILE.txt", "r") as f:
         ^^^^^^^^^^^^^^^^^^^^^^^^^^^^^^^^^^^^^^^^^^^^^^^^^^^^^^
FileNotFoundError: [Errno 2] No such file or directory: 'artifacts/data_validation/STATUS_FILE.txt'
[2026-04-09 22:42:21,140]: INFO: main: Welcome to our wine quality mlops pipeline
[2026-04-09 22:42:21,140]: INFO: main: >>>>>> stage Data Ingestion Stage started <<<<<<
[2026-04-09 22:42:21,141]: INFO: common: yaml file: config\config.yaml loaded successfully
[2026-04-09 22:42:21,142]: INFO: common: yaml file: params.yaml loaded successfully
[2026-04-09 22:42:21,144]: INFO: common: yaml file: schema.yaml loaded successfully
[2026-04-09 22:42:21,144]: INFO: common: Created directory at: artifacts
[2026-04-09 22:42:21,145]: INFO: common: Created directory at: artifacts/data_ingestion
[2026-04-09 22:42:21,145]: INFO: data_ingestion: File already exists of size: 23329 bytes
[2026-04-09 22:42:21,148]: INFO: main: >>>>>> stage Data Ingestion Stage completed <<<<<<

x==========x
[2026-04-09 22:42:21,148]: INFO: main: >>>>>> stage Data Validation Stage started <<<<<<
[2026-04-09 22:42:21,149]: INFO: common: yaml file: config\config.yaml loaded successfully
[2026-04-09 22:42:21,150]: INFO: common: yaml file: params.yaml loaded successfully
[2026-04-09 22:42:21,151]: INFO: common: yaml file: schema.yaml loaded successfully
[2026-04-09 22:42:21,151]: INFO: common: Created directory at: artifacts
[2026-04-09 22:42:21,152]: INFO: common: Created directory at: artifacts/data_validation
[2026-04-09 22:42:21,168]: INFO: main: >>>>>> stage Data Validation Stage completed <<<<<<

x==========x
[2026-04-09 22:42:21,168]: INFO: main: >>>>>> stage Data Transformation Stage started <<<<<<
[2026-04-09 22:42:21,177]: INFO: common: yaml file: config\config.yaml loaded successfully
[2026-04-09 22:42:21,178]: INFO: common: yaml file: params.yaml loaded successfully
[2026-04-09 22:42:21,179]: INFO: common: yaml file: schema.yaml loaded successfully
[2026-04-09 22:42:21,180]: INFO: common: Created directory at: artifacts
[2026-04-09 22:42:21,180]: INFO: common: Created directory at: artifacts/data_transformation
[2026-04-09 22:42:21,196]: INFO: data_transformation: Splitted data into training and test sets
[2026-04-09 22:42:21,197]: INFO: data_transformation: (1199, 12)
[2026-04-09 22:42:21,197]: INFO: data_transformation: (400, 12)
[2026-04-09 22:42:21,197]: INFO: main: >>>>>> stage Data Transformation Stage completed <<<<<<

x==========x
[2026-04-10 21:01:25,012]: INFO: common: yaml file: config\config.yaml loaded successfully
[2026-04-10 21:01:25,073]: INFO: common: yaml file: params.yaml loaded successfully
[2026-04-10 21:01:25,078]: INFO: common: yaml file: schema.yaml loaded successfully
[2026-04-10 21:01:25,085]: INFO: common: Created directory at: artifacts
[2026-04-10 21:01:25,085]: ERROR: 1974921851: "'ConfigBox' object has no attribute 'name'"
Traceback (most recent call last):
  File "box/box.py", line 605, in box.box.Box.__getitem__
KeyError: 'name'

The above exception was the direct cause of the following exception:

Traceback (most recent call last):
  File "box/box.py", line 644, in box.box.Box.__getattr__
  File "box/box.py", line 632, in box.box.Box.__getitem__
box.exceptions.BoxKeyError: "'name'"

During handling of the above exception, another exception occurred:

Traceback (most recent call last):
  File "box/box.py", line 646, in box.box.Box.__getattr__
AttributeError: 'ConfigBox' object has no attribute 'name'

The above exception was the direct cause of the following exception:

Traceback (most recent call last):
  File "box/config_box.py", line 29, in box.config_box.ConfigBox.__getattr__
  File "box/box.py", line 660, in box.box.Box.__getattr__
box.exceptions.BoxKeyError: "'ConfigBox' object has no attribute 'name'"

During handling of the above exception, another exception occurred:

Traceback (most recent call last):
  File "box/box.py", line 605, in box.box.Box.__getitem__
KeyError: 'name'

The above exception was the direct cause of the following exception:

Traceback (most recent call last):
  File "box/box.py", line 644, in box.box.Box.__getattr__
  File "box/box.py", line 632, in box.box.Box.__getitem__
box.exceptions.BoxKeyError: "'name'"

During handling of the above exception, another exception occurred:

Traceback (most recent call last):
  File "box/box.py", line 646, in box.box.Box.__getattr__
AttributeError: 'ConfigBox' object has no attribute 'name'

The above exception was the direct cause of the following exception:

Traceback (most recent call last):
  File "C:\Users\spakh\AppData\Local\Temp\ipykernel_22324\1974921851.py", line 3, in <module>
    model_trainer_config = config_manager.get_model_trainer_config()
                           ^^^^^^^^^^^^^^^^^^^^^^^^^^^^^^^^^^^^^^^^^
  File "C:\Users\spakh\AppData\Local\Temp\ipykernel_22324\3296441342.py", line 26, in get_model_trainer_config
    target_column = schema.name
                    ^^^^^^^^^^^
  File "box/config_box.py", line 31, in box.config_box.ConfigBox.__getattr__
  File "box/box.py", line 660, in box.box.Box.__getattr__
box.exceptions.BoxKeyError: "'ConfigBox' object has no attribute 'name'"
[2026-04-10 21:03:46,701]: INFO: common: yaml file: config\config.yaml loaded successfully
[2026-04-10 21:03:46,708]: INFO: common: yaml file: params.yaml loaded successfully
[2026-04-10 21:03:46,708]: INFO: common: yaml file: schema.yaml loaded successfully
[2026-04-10 21:03:46,718]: INFO: common: Created directory at: artifacts
[2026-04-10 21:03:46,720]: ERROR: 1974921851: "'ConfigBox' object has no attribute 'name'"
Traceback (most recent call last):
  File "box/box.py", line 605, in box.box.Box.__getitem__
KeyError: 'name'

The above exception was the direct cause of the following exception:

Traceback (most recent call last):
  File "box/box.py", line 644, in box.box.Box.__getattr__
  File "box/box.py", line 632, in box.box.Box.__getitem__
box.exceptions.BoxKeyError: "'name'"

During handling of the above exception, another exception occurred:

Traceback (most recent call last):
  File "box/box.py", line 646, in box.box.Box.__getattr__
AttributeError: 'ConfigBox' object has no attribute 'name'

The above exception was the direct cause of the following exception:

Traceback (most recent call last):
  File "box/config_box.py", line 29, in box.config_box.ConfigBox.__getattr__
  File "box/box.py", line 660, in box.box.Box.__getattr__
box.exceptions.BoxKeyError: "'ConfigBox' object has no attribute 'name'"

During handling of the above exception, another exception occurred:

Traceback (most recent call last):
  File "box/box.py", line 605, in box.box.Box.__getitem__
KeyError: 'name'

The above exception was the direct cause of the following exception:

Traceback (most recent call last):
  File "box/box.py", line 644, in box.box.Box.__getattr__
  File "box/box.py", line 632, in box.box.Box.__getitem__
box.exceptions.BoxKeyError: "'name'"

During handling of the above exception, another exception occurred:

Traceback (most recent call last):
  File "box/box.py", line 646, in box.box.Box.__getattr__
AttributeError: 'ConfigBox' object has no attribute 'name'

The above exception was the direct cause of the following exception:

Traceback (most recent call last):
  File "C:\Users\spakh\AppData\Local\Temp\ipykernel_22324\1974921851.py", line 3, in <module>
    model_trainer_config = config_manager.get_model_trainer_config()
                           ^^^^^^^^^^^^^^^^^^^^^^^^^^^^^^^^^^^^^^^^^
  File "C:\Users\spakh\AppData\Local\Temp\ipykernel_22324\3296441342.py", line 26, in get_model_trainer_config
    target_column = schema.name
                    ^^^^^^^^^^^
  File "box/config_box.py", line 31, in box.config_box.ConfigBox.__getattr__
  File "box/box.py", line 660, in box.box.Box.__getattr__
box.exceptions.BoxKeyError: "'ConfigBox' object has no attribute 'name'"
[2026-04-10 21:30:00,675]: INFO: common: yaml file: config\config.yaml loaded successfully
[2026-04-10 21:30:00,678]: INFO: common: yaml file: params.yaml loaded successfully
[2026-04-10 21:30:00,692]: INFO: common: yaml file: schema.yaml loaded successfully
[2026-04-10 21:30:00,694]: INFO: common: Created directory at: artifacts
[2026-04-10 21:30:00,696]: INFO: 863233799: Loading training data
[2026-04-10 21:30:00,898]: INFO: 863233799: Splitting data into features and target
[2026-04-10 21:30:01,018]: INFO: 863233799: Initializing the ElasticNet model
[2026-04-10 21:30:01,019]: ERROR: 1974921851: 'ModelTrainerConfig' object has no attribute 'l1_ratio'
Traceback (most recent call last):
  File "C:\Users\spakh\AppData\Local\Temp\ipykernel_22324\1974921851.py", line 5, in <module>
    model_trainer.train()
  File "C:\Users\spakh\AppData\Local\Temp\ipykernel_22324\863233799.py", line 17, in train
    lr = ElasticNet(alpha=self.config.alpha, l1_ratio=self.config.l1_ratio, random_state=42)
                                                      ^^^^^^^^^^^^^^^^^^^^
AttributeError: 'ModelTrainerConfig' object has no attribute 'l1_ratio'. Did you mean: 'l1_rati0'?
[2026-04-10 21:32:45,887]: INFO: common: yaml file: config\config.yaml loaded successfully
[2026-04-10 21:32:45,889]: INFO: common: yaml file: params.yaml loaded successfully
[2026-04-10 21:32:45,891]: INFO: common: yaml file: schema.yaml loaded successfully
[2026-04-10 21:32:45,892]: INFO: common: Created directory at: artifacts
[2026-04-10 21:32:45,893]: INFO: common: Created directory at: artifacts/model_trainer
[2026-04-10 21:32:45,894]: ERROR: 1974921851: "'ConfigBox' object has no attribute 'model_name'"
Traceback (most recent call last):
  File "box/box.py", line 605, in box.box.Box.__getitem__
KeyError: 'model_name'

The above exception was the direct cause of the following exception:

Traceback (most recent call last):
  File "box/box.py", line 644, in box.box.Box.__getattr__
  File "box/box.py", line 632, in box.box.Box.__getitem__
box.exceptions.BoxKeyError: "'model_name'"

During handling of the above exception, another exception occurred:

Traceback (most recent call last):
  File "box/box.py", line 646, in box.box.Box.__getattr__
AttributeError: 'ConfigBox' object has no attribute 'model_name'. Did you mean: 'model_path'?

The above exception was the direct cause of the following exception:

Traceback (most recent call last):
  File "box/config_box.py", line 29, in box.config_box.ConfigBox.__getattr__
  File "box/box.py", line 660, in box.box.Box.__getattr__
box.exceptions.BoxKeyError: "'ConfigBox' object has no attribute 'model_name'"

During handling of the above exception, another exception occurred:

Traceback (most recent call last):
  File "box/box.py", line 605, in box.box.Box.__getitem__
KeyError: 'model_name'

The above exception was the direct cause of the following exception:

Traceback (most recent call last):
  File "box/box.py", line 644, in box.box.Box.__getattr__
  File "box/box.py", line 632, in box.box.Box.__getitem__
box.exceptions.BoxKeyError: "'model_name'"

During handling of the above exception, another exception occurred:

Traceback (most recent call last):
  File "box/box.py", line 646, in box.box.Box.__getattr__
AttributeError: 'ConfigBox' object has no attribute 'model_name'. Did you mean: 'model_path'?

The above exception was the direct cause of the following exception:

Traceback (most recent call last):
  File "C:\Users\spakh\AppData\Local\Temp\ipykernel_22324\1974921851.py", line 3, in <module>
    model_trainer_config = config_manager.get_model_trainer_config()
                           ^^^^^^^^^^^^^^^^^^^^^^^^^^^^^^^^^^^^^^^^^
  File "C:\Users\spakh\AppData\Local\Temp\ipykernel_22324\150483734.py", line 25, in get_model_trainer_config
    model_name = config.model_name,
                 ^^^^^^^^^^^^^^^^^
  File "box/config_box.py", line 31, in box.config_box.ConfigBox.__getattr__
  File "box/box.py", line 660, in box.box.Box.__getattr__
box.exceptions.BoxKeyError: "'ConfigBox' object has no attribute 'model_name'". Did you mean: 'model_path'?
[2026-04-10 21:34:31,391]: INFO: common: yaml file: config\config.yaml loaded successfully
[2026-04-10 21:34:31,393]: INFO: common: yaml file: params.yaml loaded successfully
[2026-04-10 21:34:31,394]: INFO: common: yaml file: schema.yaml loaded successfully
[2026-04-10 21:34:31,396]: INFO: common: Created directory at: artifacts
[2026-04-10 21:34:31,397]: INFO: common: Created directory at: artifacts/model_trainer
[2026-04-10 21:34:31,398]: INFO: 863233799: Loading training data
[2026-04-10 21:34:31,404]: INFO: 863233799: Splitting data into features and target
[2026-04-10 21:34:31,406]: INFO: 863233799: Initializing the ElasticNet model
[2026-04-10 21:34:31,407]: INFO: 863233799: Training the model
[2026-04-10 21:34:31,517]: INFO: 863233799: Saving the trained model
[2026-04-10 21:42:46,818]: INFO: main: Welcome to our wine quality mlops pipeline
[2026-04-10 21:42:46,818]: INFO: main: >>>>>> stage Data Ingestion Stage started <<<<<<
[2026-04-10 21:42:46,820]: INFO: common: yaml file: config\config.yaml loaded successfully
[2026-04-10 21:42:46,821]: INFO: common: yaml file: params.yaml loaded successfully
[2026-04-10 21:42:46,822]: INFO: common: yaml file: schema.yaml loaded successfully
[2026-04-10 21:42:46,822]: INFO: common: Created directory at: artifacts
[2026-04-10 21:42:46,822]: INFO: common: Created directory at: artifacts/data_ingestion
[2026-04-10 21:42:46,823]: INFO: data_ingestion: File already exists of size: 23329 bytes
[2026-04-10 21:42:46,844]: INFO: main: >>>>>> stage Data Ingestion Stage completed <<<<<<

x==========x
[2026-04-10 21:42:46,845]: INFO: main: >>>>>> stage Data Validation Stage started <<<<<<
[2026-04-10 21:42:46,846]: INFO: common: yaml file: config\config.yaml loaded successfully
[2026-04-10 21:42:46,847]: INFO: common: yaml file: params.yaml loaded successfully
[2026-04-10 21:42:46,848]: INFO: common: yaml file: schema.yaml loaded successfully
[2026-04-10 21:42:46,848]: INFO: common: Created directory at: artifacts
[2026-04-10 21:42:46,848]: INFO: common: Created directory at: artifacts/data_validation
[2026-04-10 21:42:46,861]: INFO: main: >>>>>> stage Data Validation Stage completed <<<<<<

x==========x
[2026-04-10 21:42:46,862]: INFO: main: >>>>>> stage Data Transformation Stage started <<<<<<
[2026-04-10 21:42:46,864]: INFO: common: yaml file: config\config.yaml loaded successfully
[2026-04-10 21:42:46,865]: INFO: common: yaml file: params.yaml loaded successfully
[2026-04-10 21:42:46,866]: INFO: common: yaml file: schema.yaml loaded successfully
[2026-04-10 21:42:46,866]: INFO: common: Created directory at: artifacts
[2026-04-10 21:42:46,866]: INFO: common: Created directory at: artifacts/data_transformation
[2026-04-10 21:42:46,936]: INFO: data_transformation: Splitted data into training and test sets
[2026-04-10 21:42:46,936]: INFO: data_transformation: (1199, 12)
[2026-04-10 21:42:46,936]: INFO: data_transformation: (400, 12)
[2026-04-10 21:42:46,936]: INFO: main: >>>>>> stage Data Transformation Stage completed <<<<<<

x==========x
[2026-04-10 21:42:46,937]: INFO: main: >>>>>> stage Model Trainer Stage started <<<<<<
[2026-04-10 21:42:46,938]: INFO: common: yaml file: config\config.yaml loaded successfully
[2026-04-10 21:42:46,939]: INFO: common: yaml file: params.yaml loaded successfully
[2026-04-10 21:42:46,940]: INFO: common: yaml file: schema.yaml loaded successfully
[2026-04-10 21:42:46,941]: INFO: common: Created directory at: artifacts
[2026-04-10 21:42:46,941]: INFO: common: Created directory at: artifacts/model_trainer
[2026-04-10 21:42:46,941]: INFO: model_trainer: Loading training data
[2026-04-10 21:42:46,971]: INFO: model_trainer: Splitting data into features and target
[2026-04-10 21:42:46,973]: INFO: model_trainer: Initializing the ElasticNet model
[2026-04-10 21:42:46,973]: INFO: model_trainer: Training the model
[2026-04-10 21:42:46,975]: INFO: model_trainer: Saving the trained model
[2026-04-10 21:42:46,975]: ERROR: main: name 'os' is not defined
Traceback (most recent call last):
  File "D:\Programs\Projects\MLOps\ML_pipeline\winequal-ml-pipeline\winequal-mlops-pipeline\main.py", line 45, in <module>
    model_trainer.initiate_model_trainer()
  File "D:\Programs\Projects\MLOps\ML_pipeline\winequal-ml-pipeline\winequal-mlops-pipeline\src\winequal_mlops_pipeline\pipeline\model_trainer_pipeline.py", line 15, in initiate_model_trainer
    model_trainer.train()
  File "D:\Programs\Projects\MLOps\ML_pipeline\winequal-ml-pipeline\winequal-mlops-pipeline\src\winequal_mlops_pipeline\components\model_trainer.py", line 33, in train
    joblib.dump(lr, os.path.join(self.config.root_dir, self.config.model_name))
                    ^^
NameError: name 'os' is not defined. Did you forget to import 'os'
[2026-04-10 21:43:41,652]: INFO: main: Welcome to our wine quality mlops pipeline
[2026-04-10 21:43:41,652]: INFO: main: >>>>>> stage Data Ingestion Stage started <<<<<<
[2026-04-10 21:43:41,652]: INFO: common: yaml file: config\config.yaml loaded successfully
[2026-04-10 21:43:41,652]: INFO: common: yaml file: params.yaml loaded successfully
[2026-04-10 21:43:41,652]: INFO: common: yaml file: schema.yaml loaded successfully
[2026-04-10 21:43:41,652]: INFO: common: Created directory at: artifacts
[2026-04-10 21:43:41,652]: INFO: common: Created directory at: artifacts/data_ingestion
[2026-04-10 21:43:41,652]: INFO: data_ingestion: File already exists of size: 23329 bytes
[2026-04-10 21:43:41,652]: INFO: main: >>>>>> stage Data Ingestion Stage completed <<<<<<

x==========x
[2026-04-10 21:43:41,652]: INFO: main: >>>>>> stage Data Validation Stage started <<<<<<
[2026-04-10 21:43:41,652]: INFO: common: yaml file: config\config.yaml loaded successfully
[2026-04-10 21:43:41,667]: INFO: common: yaml file: params.yaml loaded successfully
[2026-04-10 21:43:41,668]: INFO: common: yaml file: schema.yaml loaded successfully
[2026-04-10 21:43:41,669]: INFO: common: Created directory at: artifacts
[2026-04-10 21:43:41,669]: INFO: common: Created directory at: artifacts/data_validation
[2026-04-10 21:43:41,686]: INFO: main: >>>>>> stage Data Validation Stage completed <<<<<<

x==========x
[2026-04-10 21:43:41,686]: INFO: main: >>>>>> stage Data Transformation Stage started <<<<<<
[2026-04-10 21:43:41,688]: INFO: common: yaml file: config\config.yaml loaded successfully
[2026-04-10 21:43:41,689]: INFO: common: yaml file: params.yaml loaded successfully
[2026-04-10 21:43:41,690]: INFO: common: yaml file: schema.yaml loaded successfully
[2026-04-10 21:43:41,690]: INFO: common: Created directory at: artifacts
[2026-04-10 21:43:41,691]: INFO: common: Created directory at: artifacts/data_transformation
[2026-04-10 21:43:41,705]: INFO: data_transformation: Splitted data into training and test sets
[2026-04-10 21:43:41,706]: INFO: data_transformation: (1199, 12)
[2026-04-10 21:43:41,706]: INFO: data_transformation: (400, 12)
[2026-04-10 21:43:41,707]: INFO: main: >>>>>> stage Data Transformation Stage completed <<<<<<

x==========x
[2026-04-10 21:43:41,707]: INFO: main: >>>>>> stage Model Trainer Stage started <<<<<<
[2026-04-10 21:43:41,707]: INFO: common: yaml file: config\config.yaml loaded successfully
[2026-04-10 21:43:41,709]: INFO: common: yaml file: params.yaml loaded successfully
[2026-04-10 21:43:41,709]: INFO: common: yaml file: schema.yaml loaded successfully
[2026-04-10 21:43:41,710]: INFO: common: Created directory at: artifacts
[2026-04-10 21:43:41,710]: INFO: common: Created directory at: artifacts/model_trainer
[2026-04-10 21:43:41,710]: INFO: model_trainer: Loading training data
[2026-04-10 21:43:41,737]: INFO: model_trainer: Splitting data into features and target
[2026-04-10 21:43:41,738]: INFO: model_trainer: Initializing the ElasticNet model
[2026-04-10 21:43:41,739]: INFO: model_trainer: Training the model
[2026-04-10 21:43:41,740]: INFO: model_trainer: Saving the trained model
[2026-04-10 21:43:41,742]: INFO: main: >>>>>> stage Model Trainer Stage completed <<<<<<

x==========x
